{"devicePlatform":"","logFolder":"C:\\Users\\139741\\git\\KatalonDemo\\Reports\\DemoTestSuit\\20180827_235849","runData":{"hostName":"139741 - 192.168.1.223","hostAddress":"192.168.1.223","os":"Windows 7 64bit","katalonVersion":"5.6.1.1"},"type":"TEST_SUITE","name":"DemoTestSuit","id":"Test Suites/DemoTestSuit","source":"","message":"Test Cases/KatalonDemo FAILED because (of) Unable to open browser with url: \u0027\u0027 (Root cause: org.openqa.selenium.SessionNotCreatedException: session not created exception\nfrom disconnected: received Inspector.detached event\n  (Session info: chrome\u003d67.0.3396.79)\n  (Driver info: chromedriver\u003d2.35.528161 (5b82f2d2aae0ca24b877009200ced9065a772e73),platform\u003dWindows NT 6.1.7601 SP1 x86_64) (WARNING: The server did not provide any stacktrace information)\nCommand duration or timeout: 107.87 seconds\nBuild info: version: \u00273.7.1\u0027, revision: \u00278a0099a\u0027, time: \u00272017-11-06T21:07:36.161Z\u0027\nSystem info: host: \u0027LTUS43633\u0027, ip: \u0027192.168.1.223\u0027, os.name: \u0027Windows 7\u0027, os.arch: \u0027amd64\u0027, os.version: \u00276.1\u0027, java.version: \u00271.8.0_181\u0027\nDriver info: driver.version: CChromeDriver)","description":"","startTime":1535432332555,"endTime":1535432445449,"childRecords":[{"isOptional":false,"type":"TEST_CASE","name":"Test Cases/KatalonDemo","id":"Test Cases/KatalonDemo","source":"C:\\\\Users\\\\139741\\\\git\\\\KatalonDemo\\\\Test Cases\\\\KatalonDemo.tc","message":"Test Cases/KatalonDemo FAILED because (of) Unable to open browser with url: \u0027\u0027 (Root cause: org.openqa.selenium.SessionNotCreatedException: session not created exception\nfrom disconnected: received Inspector.detached event\n  (Session info: chrome\u003d67.0.3396.79)\n  (Driver info: chromedriver\u003d2.35.528161 (5b82f2d2aae0ca24b877009200ced9065a772e73),platform\u003dWindows NT 6.1.7601 SP1 x86_64) (WARNING: The server did not provide any stacktrace information)\nCommand duration or timeout: 107.87 seconds\nBuild info: version: \u00273.7.1\u0027, revision: \u00278a0099a\u0027, time: \u00272017-11-06T21:07:36.161Z\u0027\nSystem info: host: \u0027LTUS43633\u0027, ip: \u0027192.168.1.223\u0027, os.name: \u0027Windows 7\u0027, os.arch: \u0027amd64\u0027, os.version: \u00276.1\u0027, java.version: \u00271.8.0_181\u0027\nDriver info: driver.version: CChromeDriver)","description":"","startTime":1535432333651,"endTime":1535432445396,"childRecords":[{"testStatus":{"stackTrace":"","statusValue":"INFO"},"type":"MESSAGE","name":"","message":"Evaluating variables for test case","startTime":1535432333738,"endTime":0,"childRecords":[],"interuppted":false},{"index":1,"isIgnoredIfFailed":false,"type":"TEST_STEP","name":"openBrowser","message":"Unable to open browser with url: \u0027\u0027 (Root cause: org.openqa.selenium.SessionNotCreatedException: session not created exception\nfrom disconnected: received Inspector.detached event\n  (Session info: chrome\u003d67.0.3396.79)\n  (Driver info: chromedriver\u003d2.35.528161 (5b82f2d2aae0ca24b877009200ced9065a772e73),platform\u003dWindows NT 6.1.7601 SP1 x86_64) (WARNING: The server did not provide any stacktrace information)\nCommand duration or timeout: 107.87 seconds\nBuild info: version: \u00273.7.1\u0027, revision: \u00278a0099a\u0027, time: \u00272017-11-06T21:07:36.161Z\u0027\nSystem info: host: \u0027LTUS43633\u0027, ip: \u0027192.168.1.223\u0027, os.name: \u0027Windows 7\u0027, os.arch: \u0027amd64\u0027, os.version: \u00276.1\u0027, java.version: \u00271.8.0_181\u0027\nDriver info: driver.version: CChromeDriver)","description":"","startTime":1535432334354,"endTime":1535432445390,"childRecords":[{"testStatus":{"stackTrace":"","statusValue":"FAILED"},"type":"MESSAGE","name":"","message":"Unable to open browser with url: \u0027\u0027 (Root cause: org.openqa.selenium.SessionNotCreatedException: session not created exception\nfrom disconnected: received Inspector.detached event\n  (Session info: chrome\u003d67.0.3396.79)\n  (Driver info: chromedriver\u003d2.35.528161 (5b82f2d2aae0ca24b877009200ced9065a772e73),platform\u003dWindows NT 6.1.7601 SP1 x86_64) (WARNING: The server did not provide any stacktrace information)\nCommand duration or timeout: 107.87 seconds\nBuild info: version: \u00273.7.1\u0027, revision: \u00278a0099a\u0027, time: \u00272017-11-06T21:07:36.161Z\u0027\nSystem info: host: \u0027LTUS43633\u0027, ip: \u0027192.168.1.223\u0027, os.name: \u0027Windows 7\u0027, os.arch: \u0027amd64\u0027, os.version: \u00276.1\u0027, java.version: \u00271.8.0_181\u0027\nDriver info: driver.version: CChromeDriver)","startTime":1535432445386,"endTime":0,"childRecords":[],"interuppted":false}],"interuppted":false},{"testStatus":{"stackTrace":"","statusValue":"FAILED"},"type":"MESSAGE","name":"","message":"Test Cases/KatalonDemo FAILED because (of) Unable to open browser with url: \u0027\u0027 (Root cause: org.openqa.selenium.SessionNotCreatedException: session not created exception\nfrom disconnected: received Inspector.detached event\n  (Session info: chrome\u003d67.0.3396.79)\n  (Driver info: chromedriver\u003d2.35.528161 (5b82f2d2aae0ca24b877009200ced9065a772e73),platform\u003dWindows NT 6.1.7601 SP1 x86_64) (WARNING: The server did not provide any stacktrace information)\nCommand duration or timeout: 107.87 seconds\nBuild info: version: \u00273.7.1\u0027, revision: \u00278a0099a\u0027, time: \u00272017-11-06T21:07:36.161Z\u0027\nSystem info: host: \u0027LTUS43633\u0027, ip: \u0027192.168.1.223\u0027, os.name: \u0027Windows 7\u0027, os.arch: \u0027amd64\u0027, os.version: \u00276.1\u0027, java.version: \u00271.8.0_181\u0027\nDriver info: driver.version: CChromeDriver)","startTime":1535432445393,"endTime":0,"childRecords":[],"interuppted":false}],"interuppted":false}],"interuppted":false}